[21/06/2015 | 20:42:53] Tobi_DeKey hat den Befehl '/ip' benutzt.
[21/06/2015 | 20:43:03] Tobi_DeKey hat den Befehl '/adSuche haus' benutzt.
[25/04/2016 | 15:41:34] GangstaSunny hat den Befehl '/rtc' benutzt.
[25/04/2016 | 15:41:51] GangstaSunny hat den Befehl '/cc' benutzt.
[25/04/2016 | 15:46:06] Sheno hat den Befehl '/levelup' benutzt.
[25/04/2016 | 15:46:08] Sheno hat den Befehl '/exp' benutzt.
[25/04/2016 | 15:48:45] cHa0z hat den Befehl '/ah' benutzt.
[25/04/2016 | 15:48:47] cHa0z hat den Befehl '/adminhelp' benutzt.
[25/04/2016 | 15:49:34] GangstaSunny hat den Befehl '/ahelp' benutzt.
[25/04/2016 | 15:49:34] Sheno hat den Befehl '/verkaufen' benutzt.
[25/04/2016 | 15:49:35] Sheno hat den Befehl '/sell' benutzt.
[25/04/2016 | 15:49:41] Sheno hat den Befehl '/verk' benutzt.
[25/04/2016 | 15:50:00] Tobi_DeKey hat den Befehl '/sell' benutzt.
[25/04/2016 | 15:50:02] Tobi_DeKey hat den Befehl '/verkaufen' benutzt.
[25/04/2016 | 15:50:07] GangstaSunny hat den Befehl '/verkaufen' benutzt.
[25/04/2016 | 15:50:08] cHa0z hat den Befehl '/setlevel' benutzt.
[25/04/2016 | 15:50:10] cHa0z hat den Befehl '/set' benutzt.
[25/04/2016 | 15:50:10] GangstaSunny hat den Befehl '/verkaufe' benutzt.
[25/04/2016 | 15:50:12] GangstaSunny hat den Befehl '/verkaufen' benutzt.
[25/04/2016 | 15:50:13] Tobi_DeKey hat den Befehl '/verkaufe' benutzt.
[25/04/2016 | 15:50:16] Tobi_DeKey hat den Befehl '/sellhaus' benutzt.
[25/04/2016 | 15:50:17] GangstaSunny hat den Befehl '/sell' benutzt.
[25/04/2016 | 15:50:21] GangstaSunny hat den Befehl '/verkaufen' benutzt.
[25/04/2016 | 15:50:24] GangstaSunny hat den Befehl '/verkaufenbiz' benutzt.
[25/04/2016 | 15:50:25] Tobi_DeKey hat den Befehl '/hausverkauf' benutzt.
[25/04/2016 | 15:50:27] GangstaSunny hat den Befehl '/verkaufebiz' benutzt.
[25/04/2016 | 15:50:27] Tobi_DeKey hat den Befehl '/haus' benutzt.
[25/04/2016 | 15:50:35] Tobi_DeKey hat den Befehl '/verkaufen' benutzt.
[25/04/2016 | 15:50:38] cHa0z hat den Befehl '//startbonus' benutzt.
[25/04/2016 | 15:50:50] Sheno hat den Befehl '/set' benutzt.
[25/04/2016 | 15:50:52] Sheno hat den Befehl '/setstat' benutzt.
[25/04/2016 | 15:50:52] Tobi_DeKey hat den Befehl '/set' benutzt.
[25/04/2016 | 15:50:53] Sheno hat den Befehl '/setstats' benutzt.
[25/04/2016 | 15:50:54] Tobi_DeKey hat den Befehl '/setlevel' benutzt.
[25/04/2016 | 15:50:57] Tobi_DeKey hat den Befehl '/set' benutzt.
[25/04/2016 | 15:51:03] GangstaSunny hat den Befehl '/givexp' benutzt.
[25/04/2016 | 15:51:09] Sheno hat den Befehl '/delete' benutzt.
[25/04/2016 | 15:51:19] cHa0z hat den Befehl '/buylevel' benutzt.
[25/04/2016 | 15:51:22] GangstaSunny hat den Befehl '/giveexp gangsta 500' benutzt.
[25/04/2016 | 15:51:35] GangstaSunny hat den Befehl '/giveexp Gangsta 20' benutzt.
[25/04/2016 | 15:52:39] cHa0z hat den Befehl '/frak' benutzt.
[25/04/2016 | 15:52:59] cHa0z hat den Befehl '/mv' benutzt.
[25/04/2016 | 15:53:03] cHa0z hat den Befehl '/pdd' benutzt.
[25/04/2016 | 15:53:04] Sheno hat den Befehl '/mv' benutzt.
[25/04/2016 | 15:53:20] cHa0z hat den Befehl '/tor' benutzt.
[25/04/2016 | 15:53:22] cHa0z hat den Befehl '/tür' benutzt.
[25/04/2016 | 15:54:16] Sheno hat den Befehl '/ahelp' benutzt.
[25/04/2016 | 15:54:35] Sheno hat den Befehl '/supcar' benutzt.
[25/04/2016 | 15:54:41] cHa0z hat den Befehl '/ld hey' benutzt.
[25/04/2016 | 15:54:42] Sheno hat den Befehl '/mtoor' benutzt.
[25/04/2016 | 15:54:44] cHa0z hat den Befehl '/leaderchat' benutzt.
[25/04/2016 | 15:55:01] Sheno hat den Befehl '/createtanke' benutzt.
[25/04/2016 | 15:55:21] Sheno hat den Befehl '/createstelle' benutzt.
[25/04/2016 | 15:55:58] Sheno hat den Befehl '/folgen' benutzt.
[25/04/2016 | 15:57:14] cHa0z hat den Befehl '/wantds' benutzt.
[25/04/2016 | 15:58:20] cHa0z hat den Befehl '/fraklist' benutzt.
[25/04/2016 | 16:00:58] Sheno hat den Befehl '/mv' benutzt.
[25/04/2016 | 16:02:35] cHa0z hat den Befehl '/fraklist' benutzt.
[25/04/2016 | 16:02:51] cHa0z hat den Befehl '/fraklite' benutzt.
[25/04/2016 | 16:05:00] Sheno hat den Befehl '/create' benutzt.
[25/04/2016 | 16:05:07] Sheno hat den Befehl '/help admin' benutzt.
[25/04/2016 | 16:05:13] cHa0z hat den Befehl '/cptor' benutzt.
[25/04/2016 | 16:05:15] cHa0z hat den Befehl '/cptor' benutzt.
[25/04/2016 | 16:12:19] cHa0z hat den Befehl '/gps' benutzt.
[25/04/2016 | 16:12:52] cHa0z hat den Befehl '/tele' benutzt.
[25/04/2016 | 16:15:50] cHa0z hat den Befehl '/fl hey' benutzt.
[25/04/2016 | 16:16:11] cHa0z hat den Befehl '/tele bsn' benutzt.
[25/04/2016 | 16:16:36] cHa0z hat den Befehl '/exit' benutzt.
[25/04/2016 | 16:17:53] cHa0z hat den Befehl '/tele los santos' benutzt.
[25/04/2016 | 16:17:55] cHa0z hat den Befehl '/tele' benutzt.
[25/04/2016 | 16:19:29] cHa0z hat den Befehl '/porten' benutzt.
[29/04/2016 | 17:14:20] cHa0z hat den Befehl '/adienst' benutzt.
[29/04/2016 | 17:20:42] cHa0z hat den Befehl '/enter' benutzt.
[29/04/2016 | 17:27:33] Tobi_DeKey hat den Befehl '/goot 3' benutzt.
[29/04/2016 | 17:31:12] cHa0z hat den Befehl '/ahelp' benutzt.
[29/04/2016 | 17:38:22] cHa0z hat den Befehl '/fraktliste' benutzt.
[29/04/2016 | 17:39:46] GangstaSunny hat den Befehl '/go' benutzt.
[29/04/2016 | 17:40:14] cHa0z hat den Befehl '/buylevel' benutzt.
[29/04/2016 | 17:41:06] GangstaSunny hat den Befehl '/giveexp gangsta 800' benutzt.
[29/04/2016 | 17:41:10] cHa0z hat den Befehl '/buy' benutzt.
[29/04/2016 | 17:43:19] GangstaSunny hat den Befehl '/ucl' benutzt.
[29/04/2016 | 17:44:20] GangstaSunny hat den Befehl '/licht#' benutzt.
[29/04/2016 | 17:45:16] BournMeOut hat den Befehl '/ah' benutzt.
[29/04/2016 | 17:47:43] GangstaSunny hat den Befehl '/zoll' benutzt.
[29/04/2016 | 17:48:16] GangstaSunny hat den Befehl '/mautstation' benutzt.
[29/04/2016 | 17:52:50] cHa0z hat den Befehl '/driveby' benutzt.
[29/04/2016 | 18:01:20] BournMeOut hat den Befehl '/supcar' benutzt.
[29/04/2016 | 18:02:05] BournMeOut hat den Befehl '/arefill' benutzt.
[29/04/2016 | 18:03:02] cHa0z hat den Befehl '/car' benutzt.
[29/04/2016 | 18:03:09] cHa0z hat den Befehl '/auto' benutzt.
[29/04/2016 | 18:03:14] cHa0z hat den Befehl '/carinfo' benutzt.
[29/04/2016 | 18:03:26] cHa0z hat den Befehl '/auto' benutzt.
[29/04/2016 | 18:03:28] cHa0z hat den Befehl '/car' benutzt.
[29/04/2016 | 18:03:31] BournMeOut hat den Befehl '/warnblinker' benutzt.
[29/04/2016 | 18:04:05] BournMeOut hat den Befehl '/delveh' benutzt.
[29/04/2016 | 18:04:07] BournMeOut hat den Befehl '/vehdel' benutzt.
[29/04/2016 | 18:04:13] BournMeOut hat den Befehl '/vehdel' benutzt.
[29/04/2016 | 18:04:15] BournMeOut hat den Befehl '/del' benutzt.
[29/04/2016 | 18:04:19] cHa0z hat den Befehl '/vehdel' benutzt.
[29/04/2016 | 18:04:20] cHa0z hat den Befehl '/delveh' benutzt.
[29/04/2016 | 18:04:21] BournMeOut hat den Befehl '/delete' benutzt.
[29/04/2016 | 18:06:35] cHa0z hat den Befehl '/leader' benutzt.
[29/04/2016 | 18:09:55] ultimate hat den Befehl '/ah' benutzt.
[29/04/2016 | 18:10:15] ultimate hat den Befehl '/ahelp' benutzt.
[29/04/2016 | 18:10:18] ultimate hat den Befehl '/adminhelp' benutzt.
[29/04/2016 | 18:10:50] cHa0z hat den Befehl '/text' benutzt.
[29/04/2016 | 18:17:37] cHa0z hat den Befehl '/flip' benutzt.
[29/04/2016 | 18:19:59] BournMeOut hat den Befehl '/buylevel' benutzt.
[29/04/2016 | 18:20:33] BournMeOut hat den Befehl '/fraktionsliste' benutzt.
[29/04/2016 | 18:20:38] ultimate hat den Befehl '/fraktionsliste' benutzt.
[29/04/2016 | 18:20:40] ultimate hat den Befehl '/fraktions' benutzt.
[29/04/2016 | 18:20:46] ultimate hat den Befehl '/fraktionen' benutzt.
[29/04/2016 | 18:27:55] ultimate hat den Befehl '/aticket' benutzt.
[29/04/2016 | 18:30:09] cHa0z hat den Befehl '/prison' benutzt.
[29/04/2016 | 18:30:14] cHa0z hat den Befehl '/adminbestrafung' benutzt.
[29/04/2016 | 18:38:11] cHa0z hat den Befehl '/supmboil' benutzt.
[29/04/2016 | 18:38:36] ultimate hat den Befehl '/bacl' benutzt.
[29/04/2016 | 18:38:38] ultimate hat den Befehl '/bacl' benutzt.
[29/04/2016 | 18:47:11] BournMeOut hat den Befehl '/bankraub' benutzt.
[29/04/2016 | 18:47:15] BournMeOut hat den Befehl '/bankraub' benutzt.
[29/04/2016 | 18:47:43] BournMeOut hat den Befehl '/levelup' benutzt.
[29/04/2016 | 18:50:11] ultimate hat den Befehl '/bankrov' benutzt.
[29/04/2016 | 18:50:20] cHa0z hat den Befehl '/exit' benutzt.
[29/04/2016 | 18:51:46] cHa0z hat den Befehl '/leaders' benutzt.
[29/04/2016 | 18:51:49] cHa0z hat den Befehl '/leader' benutzt.
[29/04/2016 | 18:55:49] cHa0z hat den Befehl '/buylevel' benutzt.
[29/04/2016 | 18:55:49] BournMeOut hat den Befehl '/levelup' benutzt.
[29/04/2016 | 18:55:50] ultimate hat den Befehl '/buylevel' benutzt.
[29/04/2016 | 18:55:50] cHa0z hat den Befehl '/buy' benutzt.
[29/04/2016 | 18:55:53] cHa0z hat den Befehl '/levelup' benutzt.
[29/04/2016 | 18:55:55] ultimate hat den Befehl '/level' benutzt.
[29/04/2016 | 18:55:55] BournMeOut hat den Befehl '/levelkaufen' benutzt.
[29/04/2016 | 18:55:59] BournMeOut hat den Befehl '/kauflevel' benutzt.
[29/04/2016 | 18:56:04] BournMeOut hat den Befehl '/ucp' benutzt.
[29/04/2016 | 18:56:13] ultimate hat den Befehl '/stadplan' benutzt.
[29/04/2016 | 19:05:11] BournMeOut hat den Befehl '/healall' benutzt.
[29/04/2016 | 19:05:17] BournMeOut hat den Befehl '/heilalle' benutzt.
[29/04/2016 | 19:05:19] BournMeOut hat den Befehl '/heilall' benutzt.
[29/04/2016 | 19:07:26] BournMeOut hat den Befehl '/edit' benutzt.
[29/04/2016 | 19:07:31] BournMeOut hat den Befehl '/helü' benutzt.
[29/04/2016 | 19:08:00] BournMeOut hat den Befehl '/edithouse' benutzt.
[29/04/2016 | 19:09:26] BournMeOut hat den Befehl '/editstelle' benutzt.
[29/04/2016 | 19:10:13] BournMeOut hat den Befehl '/gotols' benutzt.
[29/04/2016 | 19:10:20] BournMeOut hat den Befehl '/porten' benutzt.
[29/04/2016 | 19:10:24] BournMeOut hat den Befehl '/teleporten' benutzt.
[29/04/2016 | 19:10:27] BournMeOut hat den Befehl '/trele' benutzt.
[29/04/2016 | 19:10:29] BournMeOut hat den Befehl '/tele' benutzt.
[29/04/2016 | 19:23:33] GangstaSunny hat den Befehl '/cc' benutzt.
[29/04/2016 | 19:23:39] GangstaSunny hat den Befehl '/saveall' benutzt.
[5/06/2016 | 17:54:52] Sheno hat den Befehl '/arp' benutzt.
[5/06/2016 | 20:07:35] Sheno hat den Befehl '/setadmin' benutzt.
[5/06/2016 | 20:19:46] Sheno hat den Befehl '/setadmin' benutzt.
[10/06/2016 | 15:20:51] Sheno hat den Befehl '/gotols' benutzt.
[10/06/2016 | 15:21:11] Sheno hat den Befehl '/supcar' benutzt.
[10/06/2016 | 15:21:12] Sheno hat den Befehl '/supveh' benutzt.
[10/06/2016 | 15:42:06] Sheno hat den Befehl '/arepair' benutzt.
[10/06/2016 | 15:42:08] Sheno hat den Befehl '/carrepair' benutzt.
[10/06/2016 | 16:28:04] Sheno hat den Befehl '/arefill' benutzt.
[10/06/2016 | 16:28:06] Sheno hat den Befehl '/arefill' benutzt.
[10/06/2016 | 16:28:07] Sheno hat den Befehl '/fill' benutzt.
[10/06/2016 | 16:28:09] Sheno hat den Befehl '/afill' benutzt.
[11/06/2016 | 14:53:54] Sheno hat den Befehl '/supcar' benutzt.
[11/06/2016 | 16:48:44] Sheno hat den Befehl '/setlevel' benutzt.
[11/06/2016 | 16:48:46] Sheno hat den Befehl '/set' benutzt.
[11/06/2016 | 16:49:07] Sheno hat den Befehl '/level' benutzt.
[11/06/2016 | 16:49:29] Sheno hat den Befehl '/gruppenhaus' benutzt.
[11/06/2016 | 16:49:45] Sheno hat den Befehl '/fraklist' benutzt.
[11/06/2016 | 16:49:45] Sheno hat den Befehl '/fraklist' benutzt.
[11/06/2016 | 16:49:51] Sheno hat den Befehl '/creategrouphouse' benutzt.
[11/06/2016 | 16:50:42] Sheno hat den Befehl '/gruppev' benutzt.
[11/06/2016 | 16:58:27] Sheno hat den Befehl '/exp' benutzt.
[11/06/2016 | 21:14:41] Sheno hat den Befehl '/fill' benutzt.
[11/06/2016 | 21:14:42] Sheno hat den Befehl '/afill' benutzt.
[11/06/2016 | 21:14:44] Sheno hat den Befehl '/fillall' benutzt.
[11/06/2016 | 21:14:48] Sheno hat den Befehl '/arefill' benutzt.
[11/06/2016 | 21:14:51] Sheno hat den Befehl '/afill' benutzt.
[11/06/2016 | 21:14:52] Sheno hat den Befehl '/arefill' benutzt.
[11/06/2016 | 21:14:58] Sheno hat den Befehl '/atanken' benutzt.
[11/06/2016 | 21:14:59] Sheno hat den Befehl '/alletanken' benutzt.
[11/06/2016 | 21:16:33] Sheno hat den Befehl '/fill' benutzt.
[11/06/2016 | 21:16:35] Sheno hat den Befehl '/afill' benutzt.
[11/06/2016 | 21:16:47] Sheno hat den Befehl '/afill' benutzt.
[11/06/2016 | 21:18:41] Sheno hat den Befehl '/supmobikl' benutzt.
[11/06/2016 | 21:18:42] Sheno hat den Befehl '/supmobik' benutzt.
[12/06/2016 | 00:57:27] Sheno hat den Befehl '/startjo' benutzt.
[12/06/2016 | 01:08:59] Sheno hat den Befehl '/stadtkarrte' benutzt.
[12/06/2016 | 14:23:03] Sheno hat den Befehl '/createar' benutzt.
[12/06/2016 | 14:23:43] Sheno hat den Befehl '/respawncars' benutzt.
[12/06/2016 | 14:23:46] Sheno hat den Befehl '/respawn' benutzt.
[12/06/2016 | 14:39:57] Sheno hat den Befehl '/createvehicle' benutzt.
[12/06/2016 | 14:40:00] Sheno hat den Befehl '/createcr' benutzt.
[12/06/2016 | 23:37:22] Sheno hat den Befehl '/firma' benutzt.
[12/06/2016 | 23:37:23] Sheno hat den Befehl '/firmav' benutzt.
[12/06/2016 | 23:37:28] Sheno hat den Befehl '/firma' benutzt.
[13/06/2016 | 00:03:03] Sheno hat den Befehl '/firmav' benutzt.
[13/06/2016 | 16:03:09] Sheno hat den Befehl '/firma' benutzt.
[13/06/2016 | 17:10:46] Sheno hat den Befehl '/order' benutzt.
[13/06/2016 | 17:19:51] Sheno hat den Befehl '/firmav' benutzt.
[13/06/2016 | 17:19:56] Sheno hat den Befehl '/addorder' benutzt.
[13/06/2016 | 17:58:13] Sheno hat den Befehl '/frakenv' benutzt.
[13/06/2016 | 17:58:15] Sheno hat den Befehl '/firmav' benutzt.
[13/06/2016 | 17:58:26] Sheno hat den Befehl '/frakenv' benutzt.
[13/06/2016 | 18:09:00] Sheno hat den Befehl '/addorder' benutzt.
[13/06/2016 | 21:51:54] Sheno hat den Befehl '/verwalten tankstelle' benutzt.
[13/06/2016 | 21:52:26] Sheno hat den Befehl '/mtoro' benutzt.
[13/06/2016 | 21:56:39] Sheno hat den Befehl '/gotoxyz' benutzt.
[13/06/2016 | 21:56:42] Sheno hat den Befehl '/gotocoord' benutzt.
[13/06/2016 | 21:58:02] Sheno hat den Befehl '/give' benutzt.
[13/06/2016 | 22:59:08] Sheno hat den Befehl '/auftaage' benutzt.
[13/06/2016 | 23:04:08] Sheno hat den Befehl '/auftrage' benutzt.
[13/06/2016 | 23:04:09] Sheno hat den Befehl '/auftrage' benutzt.
[13/06/2016 | 23:04:10] Sheno hat den Befehl '/auftrag' benutzt.
[13/06/2016 | 23:04:11] Sheno hat den Befehl '/auftrage' benutzt.
[13/06/2016 | 23:08:34] Sheno hat den Befehl '/auftrage' benutzt.
[13/06/2016 | 23:08:35] Sheno hat den Befehl '/auftrage' benutzt.
[13/06/2016 | 23:08:36] Sheno hat den Befehl '/auftrage' benutzt.
[13/06/2016 | 23:08:36] Sheno hat den Befehl '/auftrage' benutzt.
[13/06/2016 | 23:08:36] Sheno hat den Befehl '/auftrage' benutzt.
[13/06/2016 | 23:11:07] Sheno hat den Befehl '/auftrage' benutzt.
[13/06/2016 | 23:17:47] Sheno hat den Befehl '/auftrage' benutzt.
[13/06/2016 | 23:17:48] Sheno hat den Befehl '/auftrage' benutzt.
[13/06/2016 | 23:17:49] Sheno hat den Befehl '/auftrage' benutzt.
[13/06/2016 | 23:17:50] Sheno hat den Befehl '/auftrag' benutzt.
[13/06/2016 | 23:17:52] Sheno hat den Befehl '/auftrage' benutzt.
[13/06/2016 | 23:26:00] Sheno hat den Befehl '/auftrage' benutzt.
[13/06/2016 | 23:31:25] Sheno hat den Befehl '/auftrage' benutzt.
[13/06/2016 | 23:34:38] Sheno hat den Befehl '/auftrage' benutzt.
[13/06/2016 | 23:34:39] Sheno hat den Befehl '/auftrage' benutzt.
[13/06/2016 | 23:34:39] Sheno hat den Befehl '/auftrage' benutzt.
[13/06/2016 | 23:38:28] Sheno hat den Befehl '/auftrage' benutzt.
[13/06/2016 | 23:41:01] Sheno hat den Befehl '/auftrage' benutzt.
[13/06/2016 | 23:41:02] Sheno hat den Befehl '/auftrage' benutzt.
[13/06/2016 | 23:41:03] Sheno hat den Befehl '/auftrage' benutzt.
[13/06/2016 | 23:54:29] Sheno hat den Befehl '/auftrage' benutzt.
[13/06/2016 | 23:54:30] Sheno hat den Befehl '/auftrage' benutzt.
[13/06/2016 | 23:54:31] Sheno hat den Befehl '/auftrage' benutzt.
[13/06/2016 | 23:54:31] Sheno hat den Befehl '/auftrage' benutzt.
[13/06/2016 | 23:54:31] Sheno hat den Befehl '/auftrage' benutzt.
[13/06/2016 | 23:54:32] Sheno hat den Befehl '/auftrage' benutzt.
[13/06/2016 | 23:54:32] Sheno hat den Befehl '/auftrage' benutzt.
[13/06/2016 | 23:54:32] Sheno hat den Befehl '/auftrage' benutzt.
[13/06/2016 | 23:54:33] Sheno hat den Befehl '/auftrage' benutzt.
[13/06/2016 | 23:54:33] Sheno hat den Befehl '/auftrage' benutzt.
[24/06/2016 | 18:00:08] Sheno hat den Befehl '/supcar' benutzt.
[25/06/2016 | 19:37:05] Sheno hat den Befehl '/goto1' benutzt.
[26/06/2016 | 02:14:10] Sheno hat den Befehl '/arefill' benutzt.
[26/06/2016 | 02:14:17] Sheno hat den Befehl '/mottor' benutzt.
[26/06/2016 | 02:14:58] Sheno hat den Befehl '/gotoxyz' benutzt.
[26/06/2016 | 02:14:59] Sheno hat den Befehl '/gotocoord' benutzt.
[26/06/2016 | 02:18:09] Sheno hat den Befehl '/gotopso 27.0985 653.0384 9.9537' benutzt.
[26/06/2016 | 02:18:10] Sheno hat den Befehl '/gotopso 27.0985 653.0384 9.9537' benutzt.
[26/06/2016 | 02:18:11] Sheno hat den Befehl '/gotopso 27.0985 653.0384 9.9537' benutzt.
[26/06/2016 | 02:18:13] Sheno hat den Befehl '/gotopso 27.0985 653.0384 9.9' benutzt.
[26/06/2016 | 02:30:08] Sheno hat den Befehl '/gotpos 727.0985,653.0384,9.9537' benutzt.
[28/06/2016 | 21:06:40] Sheno hat den Befehl '/gotopoos' benutzt.
[19/02/2017 | 16:16:06] Xauber hat den Befehl '/setadmin' benutzt.
[19/02/2017 | 16:22:05] Xauber hat den Befehl '/supcar' benutzt.
[19/02/2017 | 16:22:12] Xauber hat den Befehl '/slock' benutzt.
[19/02/2017 | 16:23:54] Xauber hat den Befehl '/settutorial' benutzt.
[19/02/2017 | 16:23:56] Xauber hat den Befehl '/set' benutzt.
[19/02/2017 | 16:23:57] Xauber hat den Befehl '/tutorial' benutzt.
[19/02/2017 | 16:30:28] Don.Armanii hat den Befehl '/Fraktionen' benutzt.
[19/02/2017 | 16:30:45] Don.Armanii hat den Befehl '/makelevel' benutzt.
[19/02/2017 | 16:39:24] Xauber hat den Befehl '/supcar' benutzt.
[19/02/2017 | 16:42:14] Xauber hat den Befehl '/setlvel' benutzt.
[19/02/2017 | 16:42:16] Xauber hat den Befehl '/setlevel' benutzt.
[19/02/2017 | 16:42:24] Xauber hat den Befehl '/exp' benutzt.
[19/02/2017 | 16:42:35] Xauber hat den Befehl '/exp' benutzt.
[19/02/2017 | 16:43:35] Xauber hat den Befehl '/setscore' benutzt.
[19/02/2017 | 16:46:22] Don.Armanii hat den Befehl '/auf' benutzt.
[19/02/2017 | 16:46:32] Don.Armanii hat den Befehl '/auf' benutzt.
[19/02/2017 | 16:47:57] Don.Armanii hat den Befehl '/auf' benutzt.
[19/02/2017 | 16:47:58] Xauber hat den Befehl '/mv' benutzt.
[19/02/2017 | 16:47:59] Xauber hat den Befehl '/gate' benutzt.
[19/02/2017 | 16:50:43] Xauber hat den Befehl '/goto2' benutzt.
[19/02/2017 | 16:50:44] Xauber hat den Befehl '/goto1' benutzt.
[19/02/2017 | 16:54:16] Xauber hat den Befehl '/got2' benutzt.
[19/02/2017 | 16:58:09] Don.Armanii hat den Befehl '/makecar' benutzt.
[19/02/2017 | 16:59:41] Don.Armanii hat den Befehl '/adut' benutzt.
[19/02/2017 | 16:59:43] Don.Armanii hat den Befehl '/adut' benutzt.
[19/02/2017 | 17:12:42] Xauber hat den Befehl '/createveh' benutzt.
[19/02/2017 | 17:12:45] Xauber hat den Befehl '/jobcar' benutzt.
[19/02/2017 | 17:12:46] Xauber hat den Befehl '/create' benutzt.
[19/02/2017 | 17:12:48] Xauber hat den Befehl '/createveh' benutzt.
[19/02/2017 | 17:17:54] Xauber hat den Befehl '/teleport' benutzt.
[19/02/2017 | 17:18:13] Xauber hat den Befehl '/holzfäller' benutzt.
[23/03/2017 | 14:51:14] Xauber hat den Befehl '/quitjob' benutzt.
[23/03/2017 | 14:51:20] Xauber hat den Befehl '/setjob' benutzt.
[23/03/2017 | 14:51:21] Xauber hat den Befehl '/set' benutzt.
[23/03/2017 | 14:51:23] Xauber hat den Befehl '/setstat' benutzt.
[23/03/2017 | 14:51:24] Xauber hat den Befehl '/setstats' benutzt.
[23/03/2017 | 14:51:25] Xauber hat den Befehl '/set' benutzt.
[23/03/2017 | 14:51:32] Xauber hat den Befehl '/set' benutzt.
[23/03/2017 | 14:51:34] Xauber hat den Befehl '/job' benutzt.
[23/03/2017 | 14:52:35] Xauber hat den Befehl '/supcar' benutzt.
[24/03/2023 | 16:49:56] c0kkie hat den Befehl '/showperso' benutzt.
